<?xml version="1.0" encoding="UTF-8"?>
<!-- Generated by org.testng.reporters.JUnitReportReporter -->
<testsuite hostname="DESKTOP-H0OKICK" failures="0" tests="1" name="testpackage.AddToCartTest" time="42.206" errors="0" timestamp="2024-11-04T16:39:35 IST" skipped="0">
  <testcase classname="testpackage.AddToCartTest" name="verifyAddToCartTest" time="42.206"/>
</testsuite> <!-- testpackage.AddToCartTest -->
