<?xml version="1.0" encoding="UTF-8"?>
<!-- Generated by org.testng.reporters.JUnitReportReporter -->
<testsuite hostname="DESKTOP-H0OKICK" failures="0" tests="1" name="testpackage.WebViewTest" time="12.668" errors="0" timestamp="2024-10-30T15:47:46 IST" skipped="0">
  <testcase classname="testpackage.WebViewTest" name="verifyWebViewTest" time="12.668"/>
</testsuite> <!-- testpackage.WebViewTest -->
